ChanHung‣repetitions: 10.00
repetitions.cpp
"C:\Program Files (x86)\Themis\gcc\bin\g++.exe" -std=c++14 "repetitions.cpp" -pipe -O2 -s -static -lm -x c++ -o"repetitions.exe" -Wl,--stack,66060288|@WorkDir=C:\ProgramData\ThemisWorkSpace\WaitRoom17880\
Dịch thành công.

ChanHung‣repetitions‣Test00: 1.20
Thời gian ≈ 0.072724300 giây
Kết quả khớp đáp án!
ChanHung‣repetitions‣Test01: 0.80
Thời gian ≈ 0.064068900 giây
Kết quả khớp đáp án!
ChanHung‣repetitions‣Test02: 0.80
Thời gian ≈ 0.084749600 giây
Kết quả khớp đáp án!
ChanHung‣repetitions‣Test03: 0.80
Thời gian ≈ 0.076099200 giây
Kết quả khớp đáp án!
ChanHung‣repetitions‣Test04: 0.80
Thời gian ≈ 0.181853400 giây
Kết quả khớp đáp án!
ChanHung‣repetitions‣Test05: 0.80
Thời gian ≈ 0.165861800 giây
Kết quả khớp đáp án!
ChanHung‣repetitions‣Test06: 0.80
Thời gian ≈ 0.196970100 giây
Kết quả khớp đáp án!
ChanHung‣repetitions‣Test07: 0.80
Thời gian ≈ 0.196271100 giây
Kết quả khớp đáp án!
ChanHung‣repetitions‣Test08: 0.80
Thời gian ≈ 0.201676100 giây
Kết quả khớp đáp án!
ChanHung‣repetitions‣Test09: 0.80
Thời gian ≈ 0.067825100 giây
Kết quả khớp đáp án!
ChanHung‣repetitions‣Test10: 0.80
Thời gian ≈ 0.182410200 giây
Kết quả khớp đáp án!
ChanHung‣repetitions‣Test11: 0.80
Thời gian ≈ 0.072050600 giây
Kết quả khớp đáp án!
