ChanHung‣tbc1: 0.00
tbc1.cpp
"C:\Program Files (x86)\Themis\gcc\bin\g++.exe" -std=c++14 "tbc1.cpp" -pipe -O2 -s -static -lm -x c++ -o"tbc1.exe" -Wl,--stack,66060288|@WorkDir=C:\ProgramData\ThemisWorkSpace\WaitRoom48333\
Dịch thành công.

ChanHung‣tbc1‣Test01: 0.00
Thời gian ≈ 0.059954300 giây
Kết quả KHÁC đáp án!
ChanHung‣tbc1‣Test02: 0.00
Thời gian ≈ 0.069847600 giây
Kết quả KHÁC đáp án!
ChanHung‣tbc1‣Test03: 0.00
Thời gian ≈ 0.072795200 giây
Kết quả KHÁC đáp án!
ChanHung‣tbc1‣Test04: 0.00
Thời gian ≈ 0.068913600 giây
Kết quả KHÁC đáp án!
ChanHung‣tbc1‣Test05: 0.00
Thời gian ≈ 0.067221000 giây
Kết quả KHÁC đáp án!
ChanHung‣tbc1‣Test06: 0.00
Thời gian ≈ 0.075323400 giây
Kết quả KHÁC đáp án!
ChanHung‣tbc1‣Test07: 0.00
Thời gian ≈ 0.075909100 giây
Kết quả KHÁC đáp án!
ChanHung‣tbc1‣Test08: 0.00
Thời gian ≈ 0.068727100 giây
Kết quả KHÁC đáp án!
ChanHung‣tbc1‣Test09: 0.00
Thời gian ≈ 0.078407700 giây
Kết quả KHÁC đáp án!
ChanHung‣tbc1‣Test10: 0.00
Thời gian ≈ 0.062670200 giây
Kết quả KHÁC đáp án!
