ChanHung‣daisychains: 10.00
daisychains.cpp
"C:\Program Files (x86)\Themis\gcc\bin\g++.exe" -std=c++14 "daisychains.cpp" -pipe -O2 -s -static -lm -x c++ -o"daisychains.exe" -Wl,--stack,66060288|@WorkDir=C:\ProgramData\ThemisWorkSpace\WaitRoom52524\
Dịch thành công.

ChanHung‣daisychains‣Test00: 1.00
Thời gian ≈ 0.074348800 giây
Kết quả khớp đáp án!
ChanHung‣daisychains‣Test01: 1.00
Thời gian ≈ 0.066300800 giây
Kết quả khớp đáp án!
ChanHung‣daisychains‣Test02: 1.00
Thời gian ≈ 0.072532600 giây
Kết quả khớp đáp án!
ChanHung‣daisychains‣Test03: 1.00
Thời gian ≈ 0.077613300 giây
Kết quả khớp đáp án!
ChanHung‣daisychains‣Test04: 1.00
Thời gian ≈ 0.063737200 giây
Kết quả khớp đáp án!
ChanHung‣daisychains‣Test05: 1.00
Thời gian ≈ 0.061352900 giây
Kết quả khớp đáp án!
ChanHung‣daisychains‣Test06: 1.00
Thời gian ≈ 0.080648600 giây
Kết quả khớp đáp án!
ChanHung‣daisychains‣Test07: 1.00
Thời gian ≈ 0.066496100 giây
Kết quả khớp đáp án!
ChanHung‣daisychains‣Test08: 1.00
Thời gian ≈ 0.081505300 giây
Kết quả khớp đáp án!
ChanHung‣daisychains‣Test09: 1.00
Thời gian ≈ 0.086269900 giây
Kết quả khớp đáp án!
