ChanHung‣tinhtong: 0.00
tinhtong.cpp
"C:\Program Files (x86)\Themis\gcc\bin\g++.exe" -std=c++14 "tinhtong.cpp" -pipe -O2 -s -static -lm -x c++ -o"tinhtong.exe" -Wl,--stack,66060288|@WorkDir=C:\ProgramData\ThemisWorkSpace\WaitRoom31571\
Dịch thành công.

ChanHung‣tinhtong‣Test01: 0.00
Thời gian ≈ 0.070618100 giây
Kết quả KHÁC đáp án!
ChanHung‣tinhtong‣Test02: 0.00
Thời gian ≈ 0.087916500 giây
Kết quả KHÁC đáp án!
ChanHung‣tinhtong‣Test03: 0.00
Thời gian ≈ 0.070578100 giây
Kết quả KHÁC đáp án!
ChanHung‣tinhtong‣Test04: 0.00
Thời gian ≈ 0.079976400 giây
Kết quả KHÁC đáp án!
ChanHung‣tinhtong‣Test05: 0.00
Thời gian ≈ 0.061590400 giây
Kết quả KHÁC đáp án!
ChanHung‣tinhtong‣Test06: 0.00
Thời gian ≈ 0.078927200 giây
Kết quả KHÁC đáp án!
ChanHung‣tinhtong‣Test07: 0.00
Thời gian ≈ 0.091101800 giây
Kết quả KHÁC đáp án!
ChanHung‣tinhtong‣Test08: 0.00
Thời gian ≈ 0.071088800 giây
Kết quả KHÁC đáp án!
ChanHung‣tinhtong‣Test09: 0.00
Thời gian ≈ 0.079839600 giây
Kết quả KHÁC đáp án!
ChanHung‣tinhtong‣Test10: 0.00
Thời gian ≈ 0.093725200 giây
Kết quả KHÁC đáp án!
