ChanHung‣tbc2: 0.00
tbc2.cpp
"C:\Program Files (x86)\Themis\gcc\bin\g++.exe" -std=c++14 "tbc2.cpp" -pipe -O2 -s -static -lm -x c++ -o"tbc2.exe" -Wl,--stack,66060288|@WorkDir=C:\ProgramData\ThemisWorkSpace\WaitRoom18590\
Dịch thành công.

ChanHung‣tbc2‣Test01: 0.00
Thời gian ≈ 0.092933100 giây
Kết quả KHÁC đáp án!
ChanHung‣tbc2‣Test02: 0.00
Thời gian ≈ 0.067862100 giây
Kết quả KHÁC đáp án!
ChanHung‣tbc2‣Test03: 0.00
Thời gian ≈ 0.066401300 giây
Kết quả KHÁC đáp án!
ChanHung‣tbc2‣Test04: 0.00
Thời gian ≈ 0.061780000 giây
Kết quả KHÁC đáp án!
ChanHung‣tbc2‣Test05: 0.00
Thời gian ≈ 0.060264800 giây
Kết quả KHÁC đáp án!
ChanHung‣tbc2‣Test06: 0.00
Thời gian ≈ 0.076615100 giây
Kết quả KHÁC đáp án!
ChanHung‣tbc2‣Test07: 0.00
Thời gian ≈ 0.096475600 giây
Kết quả KHÁC đáp án!
ChanHung‣tbc2‣Test08: 0.00
Thời gian ≈ 0.086637900 giây
Kết quả KHÁC đáp án!
ChanHung‣tbc2‣Test09: 0.00
Thời gian ≈ 0.074054200 giây
Kết quả KHÁC đáp án!
ChanHung‣tbc2‣Test10: 0.00
Thời gian ≈ 0.069022500 giây
Kết quả KHÁC đáp án!
