Hoanghai20006‣ABCS: 10.00
ABCS.cpp
"C:\Program Files (x86)\Themis\gcc\bin\g++.exe" -std=c++14 "ABCS.cpp" -pipe -O2 -s -static -lm -x c++ -o"ABCS.exe" -Wl,--stack,66060288|@WorkDir=C:\ProgramData\ThemisWorkSpace\WaitRoom61901\
Dịch thành công.

Hoanghai20006‣ABCS‣Test00: 1.00
Thời gian ≈ 0.080031200 giây
Kết quả khớp đáp án!
Hoanghai20006‣ABCS‣Test01: 1.00
Thời gian ≈ 0.075230400 giây
Kết quả khớp đáp án!
Hoanghai20006‣ABCS‣Test02: 1.00
Thời gian ≈ 0.064090300 giây
Kết quả khớp đáp án!
Hoanghai20006‣ABCS‣Test03: 1.00
Thời gian ≈ 0.060209800 giây
Kết quả khớp đáp án!
Hoanghai20006‣ABCS‣Test04: 1.00
Thời gian ≈ 0.071156200 giây
Kết quả khớp đáp án!
Hoanghai20006‣ABCS‣Test05: 1.00
Thời gian ≈ 0.066458600 giây
Kết quả khớp đáp án!
Hoanghai20006‣ABCS‣Test06: 1.00
Thời gian ≈ 0.075976800 giây
Kết quả khớp đáp án!
Hoanghai20006‣ABCS‣Test07: 1.00
Thời gian ≈ 0.079588700 giây
Kết quả khớp đáp án!
Hoanghai20006‣ABCS‣Test08: 1.00
Thời gian ≈ 0.068230700 giây
Kết quả khớp đáp án!
Hoanghai20006‣ABCS‣Test09: 1.00
Thời gian ≈ 0.071755400 giây
Kết quả khớp đáp án!
