HoangTrong Nghia‣ABCS: 10.00
ABCS.cpp
"C:\Program Files (x86)\Themis\gcc\bin\g++.exe" -std=c++14 "ABCS.cpp" -pipe -O2 -s -static -lm -x c++ -o"ABCS.exe" -Wl,--stack,66060288|@WorkDir=C:\ProgramData\ThemisWorkSpace\WaitRoom47408\
Dịch thành công.

HoangTrong Nghia‣ABCS‣Test00: 1.00
Thời gian ≈ 0.080299800 giây
Kết quả khớp đáp án!
HoangTrong Nghia‣ABCS‣Test01: 1.00
Thời gian ≈ 0.077211100 giây
Kết quả khớp đáp án!
HoangTrong Nghia‣ABCS‣Test02: 1.00
Thời gian ≈ 0.074363900 giây
Kết quả khớp đáp án!
HoangTrong Nghia‣ABCS‣Test03: 1.00
Thời gian ≈ 0.075954100 giây
Kết quả khớp đáp án!
HoangTrong Nghia‣ABCS‣Test04: 1.00
Thời gian ≈ 0.068539900 giây
Kết quả khớp đáp án!
HoangTrong Nghia‣ABCS‣Test05: 1.00
Thời gian ≈ 0.069041900 giây
Kết quả khớp đáp án!
HoangTrong Nghia‣ABCS‣Test06: 1.00
Thời gian ≈ 0.063924300 giây
Kết quả khớp đáp án!
HoangTrong Nghia‣ABCS‣Test07: 1.00
Thời gian ≈ 0.076546100 giây
Kết quả khớp đáp án!
HoangTrong Nghia‣ABCS‣Test08: 1.00
Thời gian ≈ 0.088427100 giây
Kết quả khớp đáp án!
HoangTrong Nghia‣ABCS‣Test09: 1.00
Thời gian ≈ 0.071734500 giây
Kết quả khớp đáp án!
