Hoanghai20006‣repetitions: 6.80
repetitions.cpp
"C:\Program Files (x86)\Themis\gcc\bin\g++.exe" -std=c++14 "repetitions.cpp" -pipe -O2 -s -static -lm -x c++ -o"repetitions.exe" -Wl,--stack,66060288|@WorkDir=C:\ProgramData\ThemisWorkSpace\WaitRoom57300\
Dịch thành công.

Hoanghai20006‣repetitions‣Test00: 1.20
Thời gian ≈ 0.068412800 giây
Kết quả khớp đáp án!
Hoanghai20006‣repetitions‣Test01: 0.80
Thời gian ≈ 0.090796100 giây
Kết quả khớp đáp án!
Hoanghai20006‣repetitions‣Test02: 0.80
Thời gian ≈ 0.065578300 giây
Kết quả khớp đáp án!
Hoanghai20006‣repetitions‣Test03: 0.80
Thời gian ≈ 0.070234200 giây
Kết quả khớp đáp án!
Hoanghai20006‣repetitions‣Test04: 0.00
Chạy sinh lỗi
Command: "C:\ProgramData\ThemisWorkSpace\ContestRoom17186\repetitions.exe" terminated with exit code: 3221225477 (Hexadecimal: C0000005)
Hoanghai20006‣repetitions‣Test05: 0.80
Thời gian ≈ 0.188299300 giây
Kết quả khớp đáp án!
Hoanghai20006‣repetitions‣Test06: 0.80
Thời gian ≈ 0.167001200 giây
Kết quả khớp đáp án!
Hoanghai20006‣repetitions‣Test07: 0.80
Thời gian ≈ 0.179892600 giây
Kết quả khớp đáp án!
Hoanghai20006‣repetitions‣Test08: 0.80
Thời gian ≈ 0.221890000 giây
Kết quả khớp đáp án!
Hoanghai20006‣repetitions‣Test09: 0.00
Chạy sinh lỗi
Command: "C:\ProgramData\ThemisWorkSpace\ContestRoom24931\repetitions.exe" terminated with exit code: 3221225477 (Hexadecimal: C0000005)
Hoanghai20006‣repetitions‣Test10: 0.00
Chạy sinh lỗi
Command: "C:\ProgramData\ThemisWorkSpace\ContestRoom54912\repetitions.exe" terminated with exit code: 3221225477 (Hexadecimal: C0000005)
Hoanghai20006‣repetitions‣Test11: 0.00
Chạy sinh lỗi
Command: "C:\ProgramData\ThemisWorkSpace\ContestRoom62142\repetitions.exe" terminated with exit code: 3221225477 (Hexadecimal: C0000005)
