Hưng_10Tin‣repetitions: 9.20
repetitions.cpp
"C:\Program Files (x86)\Themis\gcc\bin\g++.exe" -std=c++14 "repetitions.cpp" -pipe -O2 -s -static -lm -x c++ -o"repetitions.exe" -Wl,--stack,66060288|@WorkDir=C:\ProgramData\ThemisWorkSpace\WaitRoom32604\
Dịch thành công.

Hưng_10Tin‣repetitions‣Test00: 1.20
Thời gian ≈ 0.070353400 giây
Kết quả khớp đáp án!
Hưng_10Tin‣repetitions‣Test01: 0.80
Thời gian ≈ 0.064910400 giây
Kết quả khớp đáp án!
Hưng_10Tin‣repetitions‣Test02: 0.80
Thời gian ≈ 0.077744100 giây
Kết quả khớp đáp án!
Hưng_10Tin‣repetitions‣Test03: 0.80
Thời gian ≈ 0.062247900 giây
Kết quả khớp đáp án!
Hưng_10Tin‣repetitions‣Test04: 0.80
Thời gian ≈ 0.202930400 giây
Kết quả khớp đáp án!
Hưng_10Tin‣repetitions‣Test05: 0.80
Thời gian ≈ 0.206613200 giây
Kết quả khớp đáp án!
Hưng_10Tin‣repetitions‣Test06: 0.80
Thời gian ≈ 0.226052900 giây
Kết quả khớp đáp án!
Hưng_10Tin‣repetitions‣Test07: 0.80
Thời gian ≈ 0.221902300 giây
Kết quả khớp đáp án!
Hưng_10Tin‣repetitions‣Test08: 0.00
Thời gian ≈ 0.217618100 giây
Kết quả KHÁC đáp án!
Hưng_10Tin‣repetitions‣Test09: 0.80
Thời gian ≈ 0.083004900 giây
Kết quả khớp đáp án!
Hưng_10Tin‣repetitions‣Test10: 0.80
Thời gian ≈ 0.201136000 giây
Kết quả khớp đáp án!
Hưng_10Tin‣repetitions‣Test11: 0.80
Thời gian ≈ 0.075764800 giây
Kết quả khớp đáp án!
