LamTer‣daisychains: 10.00
daisychains.cpp
"C:\Program Files (x86)\Themis\gcc\bin\g++.exe" -std=c++14 "daisychains.cpp" -pipe -O2 -s -static -lm -x c++ -o"daisychains.exe" -Wl,--stack,66060288|@WorkDir=C:\ProgramData\ThemisWorkSpace\WaitRoom40776\
Dịch thành công.

LamTer‣daisychains‣Test00: 1.00
Thời gian ≈ 0.070183000 giây
Kết quả khớp đáp án!
LamTer‣daisychains‣Test01: 1.00
Thời gian ≈ 0.068143500 giây
Kết quả khớp đáp án!
LamTer‣daisychains‣Test02: 1.00
Thời gian ≈ 0.064668000 giây
Kết quả khớp đáp án!
LamTer‣daisychains‣Test03: 1.00
Thời gian ≈ 0.063176200 giây
Kết quả khớp đáp án!
LamTer‣daisychains‣Test04: 1.00
Thời gian ≈ 0.067250700 giây
Kết quả khớp đáp án!
LamTer‣daisychains‣Test05: 1.00
Thời gian ≈ 0.103882600 giây
Kết quả khớp đáp án!
LamTer‣daisychains‣Test06: 1.00
Thời gian ≈ 0.070585500 giây
Kết quả khớp đáp án!
LamTer‣daisychains‣Test07: 1.00
Thời gian ≈ 0.082787500 giây
Kết quả khớp đáp án!
LamTer‣daisychains‣Test08: 1.00
Thời gian ≈ 0.085558600 giây
Kết quả khớp đáp án!
LamTer‣daisychains‣Test09: 1.00
Thời gian ≈ 0.070736700 giây
Kết quả khớp đáp án!
