LamTer‣abcs: 10.00
abcs.cpp
"C:\Program Files (x86)\Themis\gcc\bin\g++.exe" -std=c++14 "abcs.cpp" -pipe -O2 -s -static -lm -x c++ -o"abcs.exe" -Wl,--stack,66060288|@WorkDir=C:\ProgramData\ThemisWorkSpace\WaitRoom41348\
Dịch thành công.

LamTer‣abcs‣Test00: 1.00
Thời gian ≈ 0.078836300 giây
Kết quả khớp đáp án!
LamTer‣abcs‣Test01: 1.00
Thời gian ≈ 0.060091200 giây
Kết quả khớp đáp án!
LamTer‣abcs‣Test02: 1.00
Thời gian ≈ 0.079337400 giây
Kết quả khớp đáp án!
LamTer‣abcs‣Test03: 1.00
Thời gian ≈ 0.073802000 giây
Kết quả khớp đáp án!
LamTer‣abcs‣Test04: 1.00
Thời gian ≈ 0.072304100 giây
Kết quả khớp đáp án!
LamTer‣abcs‣Test05: 1.00
Thời gian ≈ 0.072452900 giây
Kết quả khớp đáp án!
LamTer‣abcs‣Test06: 1.00
Thời gian ≈ 0.063073500 giây
Kết quả khớp đáp án!
LamTer‣abcs‣Test07: 1.00
Thời gian ≈ 0.071224800 giây
Kết quả khớp đáp án!
LamTer‣abcs‣Test08: 1.00
Thời gian ≈ 0.064946200 giây
Kết quả khớp đáp án!
LamTer‣abcs‣Test09: 1.00
Thời gian ≈ 0.075026500 giây
Kết quả khớp đáp án!
