lethu1602‣ABCS: 10.00
ABCS.cpp
"C:\Program Files (x86)\Themis\gcc\bin\g++.exe" -std=c++14 "ABCS.cpp" -pipe -O2 -s -static -lm -x c++ -o"ABCS.exe" -Wl,--stack,66060288|@WorkDir=C:\ProgramData\ThemisWorkSpace\WaitRoom48115\
Dịch thành công.

lethu1602‣ABCS‣Test00: 1.00
Thời gian ≈ 0.074733200 giây
Kết quả khớp đáp án!
lethu1602‣ABCS‣Test01: 1.00
Thời gian ≈ 0.071125800 giây
Kết quả khớp đáp án!
lethu1602‣ABCS‣Test02: 1.00
Thời gian ≈ 0.071046000 giây
Kết quả khớp đáp án!
lethu1602‣ABCS‣Test03: 1.00
Thời gian ≈ 0.077879100 giây
Kết quả khớp đáp án!
lethu1602‣ABCS‣Test04: 1.00
Thời gian ≈ 0.075534800 giây
Kết quả khớp đáp án!
lethu1602‣ABCS‣Test05: 1.00
Thời gian ≈ 0.069340000 giây
Kết quả khớp đáp án!
lethu1602‣ABCS‣Test06: 1.00
Thời gian ≈ 0.075647400 giây
Kết quả khớp đáp án!
lethu1602‣ABCS‣Test07: 1.00
Thời gian ≈ 0.061678900 giây
Kết quả khớp đáp án!
lethu1602‣ABCS‣Test08: 1.00
Thời gian ≈ 0.072207300 giây
Kết quả khớp đáp án!
lethu1602‣ABCS‣Test09: 1.00
Thời gian ≈ 0.079560700 giây
Kết quả khớp đáp án!
