lethu1602‣repetitions: 10.00
repetitions.cpp
"C:\Program Files (x86)\Themis\gcc\bin\g++.exe" -std=c++14 "repetitions.cpp" -pipe -O2 -s -static -lm -x c++ -o"repetitions.exe" -Wl,--stack,66060288|@WorkDir=C:\ProgramData\ThemisWorkSpace\WaitRoom25657\
Dịch thành công.

lethu1602‣repetitions‣Test00: 1.20
Thời gian ≈ 0.078643900 giây
Kết quả khớp đáp án!
lethu1602‣repetitions‣Test01: 0.80
Thời gian ≈ 0.075708600 giây
Kết quả khớp đáp án!
lethu1602‣repetitions‣Test02: 0.80
Thời gian ≈ 0.072431700 giây
Kết quả khớp đáp án!
lethu1602‣repetitions‣Test03: 0.80
Thời gian ≈ 0.074510000 giây
Kết quả khớp đáp án!
lethu1602‣repetitions‣Test04: 0.80
Thời gian ≈ 0.185310600 giây
Kết quả khớp đáp án!
lethu1602‣repetitions‣Test05: 0.80
Thời gian ≈ 0.169661900 giây
Kết quả khớp đáp án!
lethu1602‣repetitions‣Test06: 0.80
Thời gian ≈ 0.172713800 giây
Kết quả khớp đáp án!
lethu1602‣repetitions‣Test07: 0.80
Thời gian ≈ 0.177324100 giây
Kết quả khớp đáp án!
lethu1602‣repetitions‣Test08: 0.80
Thời gian ≈ 0.183529000 giây
Kết quả khớp đáp án!
lethu1602‣repetitions‣Test09: 0.80
Thời gian ≈ 0.065319200 giây
Kết quả khớp đáp án!
lethu1602‣repetitions‣Test10: 0.80
Thời gian ≈ 0.171277300 giây
Kết quả khớp đáp án!
lethu1602‣repetitions‣Test11: 0.80
Thời gian ≈ 0.068770300 giây
Kết quả khớp đáp án!
