linnguyen‣Repetitions: 10.00
Repetitions.cpp
"C:\Program Files (x86)\Themis\gcc\bin\g++.exe" -std=c++14 "Repetitions.cpp" -pipe -O2 -s -static -lm -x c++ -o"Repetitions.exe" -Wl,--stack,66060288|@WorkDir=C:\ProgramData\ThemisWorkSpace\WaitRoom36762\
Dịch thành công.

linnguyen‣Repetitions‣Test00: 1.20
Thời gian ≈ 0.075152300 giây
Kết quả khớp đáp án!
linnguyen‣Repetitions‣Test01: 0.80
Thời gian ≈ 0.067987400 giây
Kết quả khớp đáp án!
linnguyen‣Repetitions‣Test02: 0.80
Thời gian ≈ 0.070541200 giây
Kết quả khớp đáp án!
linnguyen‣Repetitions‣Test03: 0.80
Thời gian ≈ 0.063042500 giây
Kết quả khớp đáp án!
linnguyen‣Repetitions‣Test04: 0.80
Thời gian ≈ 0.151734600 giây
Kết quả khớp đáp án!
linnguyen‣Repetitions‣Test05: 0.80
Thời gian ≈ 0.173841100 giây
Kết quả khớp đáp án!
linnguyen‣Repetitions‣Test06: 0.80
Thời gian ≈ 0.173065100 giây
Kết quả khớp đáp án!
linnguyen‣Repetitions‣Test07: 0.80
Thời gian ≈ 0.197296700 giây
Kết quả khớp đáp án!
linnguyen‣Repetitions‣Test08: 0.80
Thời gian ≈ 0.184753700 giây
Kết quả khớp đáp án!
linnguyen‣Repetitions‣Test09: 0.80
Thời gian ≈ 0.068957700 giây
Kết quả khớp đáp án!
linnguyen‣Repetitions‣Test10: 0.80
Thời gian ≈ 0.186951000 giây
Kết quả khớp đáp án!
linnguyen‣Repetitions‣Test11: 0.80
Thời gian ≈ 0.083869100 giây
Kết quả khớp đáp án!
