minhtri2018113‣ABCS: 10.00
ABCS.cpp
"C:\Program Files (x86)\Themis\gcc\bin\g++.exe" -std=c++14 "ABCS.cpp" -pipe -O2 -s -static -lm -x c++ -o"ABCS.exe" -Wl,--stack,66060288|@WorkDir=C:\ProgramData\ThemisWorkSpace\WaitRoom37750\
Dịch thành công.

minhtri2018113‣ABCS‣Test00: 1.00
Thời gian ≈ 0.081199900 giây
Kết quả khớp đáp án!
minhtri2018113‣ABCS‣Test01: 1.00
Thời gian ≈ 0.069315900 giây
Kết quả khớp đáp án!
minhtri2018113‣ABCS‣Test02: 1.00
Thời gian ≈ 0.062257000 giây
Kết quả khớp đáp án!
minhtri2018113‣ABCS‣Test03: 1.00
Thời gian ≈ 0.082851200 giây
Kết quả khớp đáp án!
minhtri2018113‣ABCS‣Test04: 1.00
Thời gian ≈ 0.069126400 giây
Kết quả khớp đáp án!
minhtri2018113‣ABCS‣Test05: 1.00
Thời gian ≈ 0.073139100 giây
Kết quả khớp đáp án!
minhtri2018113‣ABCS‣Test06: 1.00
Thời gian ≈ 0.072193700 giây
Kết quả khớp đáp án!
minhtri2018113‣ABCS‣Test07: 1.00
Thời gian ≈ 0.065851100 giây
Kết quả khớp đáp án!
minhtri2018113‣ABCS‣Test08: 1.00
Thời gian ≈ 0.075457700 giây
Kết quả khớp đáp án!
minhtri2018113‣ABCS‣Test09: 1.00
Thời gian ≈ 0.072462500 giây
Kết quả khớp đáp án!
