minhtri2018113‣REPETITIONS: 6.40
REPETITIONS.cpp
"C:\Program Files (x86)\Themis\gcc\bin\g++.exe" -std=c++14 "REPETITIONS.cpp" -pipe -O2 -s -static -lm -x c++ -o"REPETITIONS.exe" -Wl,--stack,66060288|@WorkDir=C:\ProgramData\ThemisWorkSpace\WaitRoom25334\
Dịch thành công.

minhtri2018113‣REPETITIONS‣Test00: 0.00
Thời gian ≈ 0.067519800 giây
Kết quả KHÁC đáp án!
minhtri2018113‣REPETITIONS‣Test01: 0.80
Thời gian ≈ 0.084946000 giây
Kết quả khớp đáp án!
minhtri2018113‣REPETITIONS‣Test02: 0.80
Thời gian ≈ 0.074774900 giây
Kết quả khớp đáp án!
minhtri2018113‣REPETITIONS‣Test03: 0.00
Thời gian ≈ 0.079581700 giây
Kết quả KHÁC đáp án!
minhtri2018113‣REPETITIONS‣Test04: 0.80
Thời gian ≈ 0.171062000 giây
Kết quả khớp đáp án!
minhtri2018113‣REPETITIONS‣Test05: 0.00
Thời gian ≈ 0.184305700 giây
Kết quả KHÁC đáp án!
minhtri2018113‣REPETITIONS‣Test06: 0.80
Thời gian ≈ 0.177716600 giây
Kết quả khớp đáp án!
minhtri2018113‣REPETITIONS‣Test07: 0.80
Thời gian ≈ 0.181865100 giây
Kết quả khớp đáp án!
minhtri2018113‣REPETITIONS‣Test08: 0.00
Thời gian ≈ 0.194795400 giây
Kết quả KHÁC đáp án!
minhtri2018113‣REPETITIONS‣Test09: 0.80
Thời gian ≈ 0.063571600 giây
Kết quả khớp đáp án!
minhtri2018113‣REPETITIONS‣Test10: 0.80
Thời gian ≈ 0.200716900 giây
Kết quả khớp đáp án!
minhtri2018113‣REPETITIONS‣Test11: 0.80
Thời gian ≈ 0.073290700 giây
Kết quả khớp đáp án!
