Minnnhat2006‣REPETITIONS: 10.00
REPETITIONS.cpp
"C:\Program Files (x86)\Themis\gcc\bin\g++.exe" -std=c++14 "REPETITIONS.cpp" -pipe -O2 -s -static -lm -x c++ -o"REPETITIONS.exe" -Wl,--stack,66060288|@WorkDir=C:\ProgramData\ThemisWorkSpace\WaitRoom31255\
Dịch thành công.

Minnnhat2006‣REPETITIONS‣Test00: 1.20
Thời gian ≈ 0.073861200 giây
Kết quả khớp đáp án!
Minnnhat2006‣REPETITIONS‣Test01: 0.80
Thời gian ≈ 0.111502900 giây
Kết quả khớp đáp án!
Minnnhat2006‣REPETITIONS‣Test02: 0.80
Thời gian ≈ 0.074535700 giây
Kết quả khớp đáp án!
Minnnhat2006‣REPETITIONS‣Test03: 0.80
Thời gian ≈ 0.065754300 giây
Kết quả khớp đáp án!
Minnnhat2006‣REPETITIONS‣Test04: 0.80
Thời gian ≈ 0.165250300 giây
Kết quả khớp đáp án!
Minnnhat2006‣REPETITIONS‣Test05: 0.80
Thời gian ≈ 0.194788900 giây
Kết quả khớp đáp án!
Minnnhat2006‣REPETITIONS‣Test06: 0.80
Thời gian ≈ 0.163602000 giây
Kết quả khớp đáp án!
Minnnhat2006‣REPETITIONS‣Test07: 0.80
Thời gian ≈ 0.249473500 giây
Kết quả khớp đáp án!
Minnnhat2006‣REPETITIONS‣Test08: 0.80
Thời gian ≈ 0.186534400 giây
Kết quả khớp đáp án!
Minnnhat2006‣REPETITIONS‣Test09: 0.80
Thời gian ≈ 0.077955100 giây
Kết quả khớp đáp án!
Minnnhat2006‣REPETITIONS‣Test10: 0.80
Thời gian ≈ 0.219378700 giây
Kết quả khớp đáp án!
Minnnhat2006‣REPETITIONS‣Test11: 0.80
Thời gian ≈ 0.077722100 giây
Kết quả khớp đáp án!
