MinhHien10Tin‣ABCS: 10.00
ABCS.cpp
"C:\Program Files (x86)\Themis\gcc\bin\g++.exe" -std=c++14 "ABCS.cpp" -pipe -O2 -s -static -lm -x c++ -o"ABCS.exe" -Wl,--stack,66060288|@WorkDir=C:\ProgramData\ThemisWorkSpace\WaitRoom54552\
Dịch thành công.

MinhHien10Tin‣ABCS‣Test00: 1.00
Thời gian ≈ 0.071751400 giây
Kết quả khớp đáp án!
MinhHien10Tin‣ABCS‣Test01: 1.00
Thời gian ≈ 0.074624300 giây
Kết quả khớp đáp án!
MinhHien10Tin‣ABCS‣Test02: 1.00
Thời gian ≈ 0.070326900 giây
Kết quả khớp đáp án!
MinhHien10Tin‣ABCS‣Test03: 1.00
Thời gian ≈ 0.072346000 giây
Kết quả khớp đáp án!
MinhHien10Tin‣ABCS‣Test04: 1.00
Thời gian ≈ 0.066302600 giây
Kết quả khớp đáp án!
MinhHien10Tin‣ABCS‣Test05: 1.00
Thời gian ≈ 0.064410700 giây
Kết quả khớp đáp án!
MinhHien10Tin‣ABCS‣Test06: 1.00
Thời gian ≈ 0.076841900 giây
Kết quả khớp đáp án!
MinhHien10Tin‣ABCS‣Test07: 1.00
Thời gian ≈ 0.074299200 giây
Kết quả khớp đáp án!
MinhHien10Tin‣ABCS‣Test08: 1.00
Thời gian ≈ 0.074540500 giây
Kết quả khớp đáp án!
MinhHien10Tin‣ABCS‣Test09: 1.00
Thời gian ≈ 0.074270700 giây
Kết quả khớp đáp án!
