NBKhanh23032006‣ABCS: 0.00
ABCS.cpp
"C:\Program Files (x86)\Themis\gcc\bin\g++.exe" -std=c++14 "ABCS.cpp" -pipe -O2 -s -static -lm -x c++ -o"ABCS.exe" -Wl,--stack,66060288|@WorkDir=C:\ProgramData\ThemisWorkSpace\WaitRoom23495\
Dịch thành công.

NBKhanh23032006‣ABCS‣Test00: 0.00
Thời gian ≈ 0.077641600 giây
Kết quả KHÁC đáp án!
NBKhanh23032006‣ABCS‣Test01: 0.00
Thời gian ≈ 0.087589200 giây
Kết quả KHÁC đáp án!
NBKhanh23032006‣ABCS‣Test02: 0.00
Thời gian ≈ 0.071127300 giây
Kết quả KHÁC đáp án!
NBKhanh23032006‣ABCS‣Test03: 0.00
Thời gian ≈ 0.074701700 giây
Kết quả KHÁC đáp án!
NBKhanh23032006‣ABCS‣Test04: 0.00
Thời gian ≈ 0.087181600 giây
Kết quả KHÁC đáp án!
NBKhanh23032006‣ABCS‣Test05: 0.00
Thời gian ≈ 0.059352900 giây
Kết quả KHÁC đáp án!
NBKhanh23032006‣ABCS‣Test06: 0.00
Thời gian ≈ 0.061733200 giây
Kết quả KHÁC đáp án!
NBKhanh23032006‣ABCS‣Test07: 0.00
Thời gian ≈ 0.060604400 giây
Kết quả KHÁC đáp án!
NBKhanh23032006‣ABCS‣Test08: 0.00
Thời gian ≈ 0.069297000 giây
Kết quả KHÁC đáp án!
NBKhanh23032006‣ABCS‣Test09: 0.00
Thời gian ≈ 0.075239600 giây
Kết quả KHÁC đáp án!
