NGUYENDINHMINHQUANG‣ABCS: 10.00
ABCS.cpp
"C:\Program Files (x86)\Themis\gcc\bin\g++.exe" -std=c++14 "ABCS.cpp" -pipe -O2 -s -static -lm -x c++ -o"ABCS.exe" -Wl,--stack,66060288|@WorkDir=C:\ProgramData\ThemisWorkSpace\WaitRoom44027\
Dịch thành công.

NGUYENDINHMINHQUANG‣ABCS‣Test00: 1.00
Thời gian ≈ 0.066864200 giây
Kết quả khớp đáp án!
NGUYENDINHMINHQUANG‣ABCS‣Test01: 1.00
Thời gian ≈ 0.064423700 giây
Kết quả khớp đáp án!
NGUYENDINHMINHQUANG‣ABCS‣Test02: 1.00
Thời gian ≈ 0.081381600 giây
Kết quả khớp đáp án!
NGUYENDINHMINHQUANG‣ABCS‣Test03: 1.00
Thời gian ≈ 0.076161900 giây
Kết quả khớp đáp án!
NGUYENDINHMINHQUANG‣ABCS‣Test04: 1.00
Thời gian ≈ 0.060582200 giây
Kết quả khớp đáp án!
NGUYENDINHMINHQUANG‣ABCS‣Test05: 1.00
Thời gian ≈ 0.081508600 giây
Kết quả khớp đáp án!
NGUYENDINHMINHQUANG‣ABCS‣Test06: 1.00
Thời gian ≈ 0.066244700 giây
Kết quả khớp đáp án!
NGUYENDINHMINHQUANG‣ABCS‣Test07: 1.00
Thời gian ≈ 0.079850500 giây
Kết quả khớp đáp án!
NGUYENDINHMINHQUANG‣ABCS‣Test08: 1.00
Thời gian ≈ 0.080054200 giây
Kết quả khớp đáp án!
NGUYENDINHMINHQUANG‣ABCS‣Test09: 1.00
Thời gian ≈ 0.062959900 giây
Kết quả khớp đáp án!
