NGUYENTRANTHAONGUYEN‣ABCS: 10.00
ABCS.cpp
"C:\Program Files (x86)\Themis\gcc\bin\g++.exe" -std=c++14 "ABCS.cpp" -pipe -O2 -s -static -lm -x c++ -o"ABCS.exe" -Wl,--stack,66060288|@WorkDir=C:\ProgramData\ThemisWorkSpace\WaitRoom45070\
Dịch thành công.

NGUYENTRANTHAONGUYEN‣ABCS‣Test00: 1.00
Thời gian ≈ 0.078882800 giây
Kết quả khớp đáp án!
NGUYENTRANTHAONGUYEN‣ABCS‣Test01: 1.00
Thời gian ≈ 0.082369000 giây
Kết quả khớp đáp án!
NGUYENTRANTHAONGUYEN‣ABCS‣Test02: 1.00
Thời gian ≈ 0.079754100 giây
Kết quả khớp đáp án!
NGUYENTRANTHAONGUYEN‣ABCS‣Test03: 1.00
Thời gian ≈ 0.084152600 giây
Kết quả khớp đáp án!
NGUYENTRANTHAONGUYEN‣ABCS‣Test04: 1.00
Thời gian ≈ 0.072557100 giây
Kết quả khớp đáp án!
NGUYENTRANTHAONGUYEN‣ABCS‣Test05: 1.00
Thời gian ≈ 0.073860900 giây
Kết quả khớp đáp án!
NGUYENTRANTHAONGUYEN‣ABCS‣Test06: 1.00
Thời gian ≈ 0.086484000 giây
Kết quả khớp đáp án!
NGUYENTRANTHAONGUYEN‣ABCS‣Test07: 1.00
Thời gian ≈ 0.059570000 giây
Kết quả khớp đáp án!
NGUYENTRANTHAONGUYEN‣ABCS‣Test08: 1.00
Thời gian ≈ 0.072286700 giây
Kết quả khớp đáp án!
NGUYENTRANTHAONGUYEN‣ABCS‣Test09: 1.00
Thời gian ≈ 0.072292200 giây
Kết quả khớp đáp án!
