NGUYENDINHMINHQUANG‣Repetitions: 10.00
Repetitions.cpp
"C:\Program Files (x86)\Themis\gcc\bin\g++.exe" -std=c++14 "Repetitions.cpp" -pipe -O2 -s -static -lm -x c++ -o"Repetitions.exe" -Wl,--stack,66060288|@WorkDir=C:\ProgramData\ThemisWorkSpace\WaitRoom21050\
Dịch thành công.

NGUYENDINHMINHQUANG‣Repetitions‣Test00: 1.20
Thời gian ≈ 0.072041200 giây
Kết quả khớp đáp án!
NGUYENDINHMINHQUANG‣Repetitions‣Test01: 0.80
Thời gian ≈ 0.074286800 giây
Kết quả khớp đáp án!
NGUYENDINHMINHQUANG‣Repetitions‣Test02: 0.80
Thời gian ≈ 0.077063100 giây
Kết quả khớp đáp án!
NGUYENDINHMINHQUANG‣Repetitions‣Test03: 0.80
Thời gian ≈ 0.093680700 giây
Kết quả khớp đáp án!
NGUYENDINHMINHQUANG‣Repetitions‣Test04: 0.80
Thời gian ≈ 0.189807700 giây
Kết quả khớp đáp án!
NGUYENDINHMINHQUANG‣Repetitions‣Test05: 0.80
Thời gian ≈ 0.177341900 giây
Kết quả khớp đáp án!
NGUYENDINHMINHQUANG‣Repetitions‣Test06: 0.80
Thời gian ≈ 0.224247100 giây
Kết quả khớp đáp án!
NGUYENDINHMINHQUANG‣Repetitions‣Test07: 0.80
Thời gian ≈ 0.189339200 giây
Kết quả khớp đáp án!
NGUYENDINHMINHQUANG‣Repetitions‣Test08: 0.80
Thời gian ≈ 0.181029700 giây
Kết quả khớp đáp án!
NGUYENDINHMINHQUANG‣Repetitions‣Test09: 0.80
Thời gian ≈ 0.087842000 giây
Kết quả khớp đáp án!
NGUYENDINHMINHQUANG‣Repetitions‣Test10: 0.80
Thời gian ≈ 0.167923400 giây
Kết quả khớp đáp án!
NGUYENDINHMINHQUANG‣Repetitions‣Test11: 0.80
Thời gian ≈ 0.078862200 giây
Kết quả khớp đáp án!
