NGUYENTRANTHAONGUYEN‣repetitions: 10.00
repetitions.cpp
"C:\Program Files (x86)\Themis\gcc\bin\g++.exe" -std=c++14 "repetitions.cpp" -pipe -O2 -s -static -lm -x c++ -o"repetitions.exe" -Wl,--stack,66060288|@WorkDir=C:\ProgramData\ThemisWorkSpace\WaitRoom46400\
Dịch thành công.

NGUYENTRANTHAONGUYEN‣repetitions‣Test00: 1.20
Thời gian ≈ 0.062823400 giây
Kết quả khớp đáp án!
NGUYENTRANTHAONGUYEN‣repetitions‣Test01: 0.80
Thời gian ≈ 0.074223200 giây
Kết quả khớp đáp án!
NGUYENTRANTHAONGUYEN‣repetitions‣Test02: 0.80
Thời gian ≈ 0.061446300 giây
Kết quả khớp đáp án!
NGUYENTRANTHAONGUYEN‣repetitions‣Test03: 0.80
Thời gian ≈ 0.074199700 giây
Kết quả khớp đáp án!
NGUYENTRANTHAONGUYEN‣repetitions‣Test04: 0.80
Thời gian ≈ 0.192611900 giây
Kết quả khớp đáp án!
NGUYENTRANTHAONGUYEN‣repetitions‣Test05: 0.80
Thời gian ≈ 0.217989700 giây
Kết quả khớp đáp án!
NGUYENTRANTHAONGUYEN‣repetitions‣Test06: 0.80
Thời gian ≈ 0.151820600 giây
Kết quả khớp đáp án!
NGUYENTRANTHAONGUYEN‣repetitions‣Test07: 0.80
Thời gian ≈ 0.181850000 giây
Kết quả khớp đáp án!
NGUYENTRANTHAONGUYEN‣repetitions‣Test08: 0.80
Thời gian ≈ 0.204127800 giây
Kết quả khớp đáp án!
NGUYENTRANTHAONGUYEN‣repetitions‣Test09: 0.80
Thời gian ≈ 0.077246800 giây
Kết quả khớp đáp án!
NGUYENTRANTHAONGUYEN‣repetitions‣Test10: 0.80
Thời gian ≈ 0.206202700 giây
Kết quả khớp đáp án!
NGUYENTRANTHAONGUYEN‣repetitions‣Test11: 0.80
Thời gian ≈ 0.060488400 giây
Kết quả khớp đáp án!
