NGUYEN DINH MINH QUA‣Repetitions: 10.00
Repetitions.cpp
"C:\Program Files (x86)\Themis\gcc\bin\g++.exe" -std=c++14 "Repetitions.cpp" -pipe -O2 -s -static -lm -x c++ -o"Repetitions.exe" -Wl,--stack,66060288|@WorkDir=C:\ProgramData\ThemisWorkSpace\WaitRoom24374\
Dịch thành công.

NGUYEN DINH MINH QUA‣Repetitions‣Test00: 1.20
Thời gian ≈ 0.081540700 giây
Kết quả khớp đáp án!
NGUYEN DINH MINH QUA‣Repetitions‣Test01: 0.80
Thời gian ≈ 0.083840000 giây
Kết quả khớp đáp án!
NGUYEN DINH MINH QUA‣Repetitions‣Test02: 0.80
Thời gian ≈ 0.076987200 giây
Kết quả khớp đáp án!
NGUYEN DINH MINH QUA‣Repetitions‣Test03: 0.80
Thời gian ≈ 0.075356700 giây
Kết quả khớp đáp án!
NGUYEN DINH MINH QUA‣Repetitions‣Test04: 0.80
Thời gian ≈ 0.190964800 giây
Kết quả khớp đáp án!
NGUYEN DINH MINH QUA‣Repetitions‣Test05: 0.80
Thời gian ≈ 0.192277000 giây
Kết quả khớp đáp án!
NGUYEN DINH MINH QUA‣Repetitions‣Test06: 0.80
Thời gian ≈ 0.200814300 giây
Kết quả khớp đáp án!
NGUYEN DINH MINH QUA‣Repetitions‣Test07: 0.80
Thời gian ≈ 0.205048800 giây
Kết quả khớp đáp án!
NGUYEN DINH MINH QUA‣Repetitions‣Test08: 0.80
Thời gian ≈ 0.181970600 giây
Kết quả khớp đáp án!
NGUYEN DINH MINH QUA‣Repetitions‣Test09: 0.80
Thời gian ≈ 0.067669900 giây
Kết quả khớp đáp án!
NGUYEN DINH MINH QUA‣Repetitions‣Test10: 0.80
Thời gian ≈ 0.192863800 giây
Kết quả khớp đáp án!
NGUYEN DINH MINH QUA‣Repetitions‣Test11: 0.80
Thời gian ≈ 0.079369000 giây
Kết quả khớp đáp án!
