Phúc_10Tin‣REPETITIONS: 10.00
REPETITIONS.cpp
"C:\Program Files (x86)\Themis\gcc\bin\g++.exe" -std=c++14 "REPETITIONS.cpp" -pipe -O2 -s -static -lm -x c++ -o"REPETITIONS.exe" -Wl,--stack,66060288|@WorkDir=C:\ProgramData\ThemisWorkSpace\WaitRoom7029\
Dịch thành công.

Phúc_10Tin‣REPETITIONS‣Test00: 1.20
Thời gian ≈ 0.065946800 giây
Kết quả khớp đáp án!
Phúc_10Tin‣REPETITIONS‣Test01: 0.80
Thời gian ≈ 0.072669900 giây
Kết quả khớp đáp án!
Phúc_10Tin‣REPETITIONS‣Test02: 0.80
Thời gian ≈ 0.075597400 giây
Kết quả khớp đáp án!
Phúc_10Tin‣REPETITIONS‣Test03: 0.80
Thời gian ≈ 0.059489800 giây
Kết quả khớp đáp án!
Phúc_10Tin‣REPETITIONS‣Test04: 0.80
Thời gian ≈ 0.180049200 giây
Kết quả khớp đáp án!
Phúc_10Tin‣REPETITIONS‣Test05: 0.80
Thời gian ≈ 0.170162000 giây
Kết quả khớp đáp án!
Phúc_10Tin‣REPETITIONS‣Test06: 0.80
Thời gian ≈ 0.163288600 giây
Kết quả khớp đáp án!
Phúc_10Tin‣REPETITIONS‣Test07: 0.80
Thời gian ≈ 0.236997300 giây
Kết quả khớp đáp án!
Phúc_10Tin‣REPETITIONS‣Test08: 0.80
Thời gian ≈ 0.187543100 giây
Kết quả khớp đáp án!
Phúc_10Tin‣REPETITIONS‣Test09: 0.80
Thời gian ≈ 0.064118900 giây
Kết quả khớp đáp án!
Phúc_10Tin‣REPETITIONS‣Test10: 0.80
Thời gian ≈ 0.179239800 giây
Kết quả khớp đáp án!
Phúc_10Tin‣REPETITIONS‣Test11: 0.80
Thời gian ≈ 0.081862900 giây
Kết quả khớp đáp án!
