Tam06032006‣REPETITIONS: 10.00
REPETITIONS.cpp
"C:\Program Files (x86)\Themis\gcc\bin\g++.exe" -std=c++14 "REPETITIONS.cpp" -pipe -O2 -s -static -lm -x c++ -o"REPETITIONS.exe" -Wl,--stack,66060288|@WorkDir=C:\ProgramData\ThemisWorkSpace\WaitRoom29755\
Dịch thành công.

Tam06032006‣REPETITIONS‣Test00: 1.20
Thời gian ≈ 0.074124400 giây
Kết quả khớp đáp án!
Tam06032006‣REPETITIONS‣Test01: 0.80
Thời gian ≈ 0.063922800 giây
Kết quả khớp đáp án!
Tam06032006‣REPETITIONS‣Test02: 0.80
Thời gian ≈ 0.077554500 giây
Kết quả khớp đáp án!
Tam06032006‣REPETITIONS‣Test03: 0.80
Thời gian ≈ 0.056266700 giây
Kết quả khớp đáp án!
Tam06032006‣REPETITIONS‣Test04: 0.80
Thời gian ≈ 0.166106300 giây
Kết quả khớp đáp án!
Tam06032006‣REPETITIONS‣Test05: 0.80
Thời gian ≈ 0.154073500 giây
Kết quả khớp đáp án!
Tam06032006‣REPETITIONS‣Test06: 0.80
Thời gian ≈ 0.150466400 giây
Kết quả khớp đáp án!
Tam06032006‣REPETITIONS‣Test07: 0.80
Thời gian ≈ 0.184866900 giây
Kết quả khớp đáp án!
Tam06032006‣REPETITIONS‣Test08: 0.80
Thời gian ≈ 0.173671900 giây
Kết quả khớp đáp án!
Tam06032006‣REPETITIONS‣Test09: 0.80
Thời gian ≈ 0.061570500 giây
Kết quả khớp đáp án!
Tam06032006‣REPETITIONS‣Test10: 0.80
Thời gian ≈ 0.169267500 giây
Kết quả khớp đáp án!
Tam06032006‣REPETITIONS‣Test11: 0.80
Thời gian ≈ 0.064795600 giây
Kết quả khớp đáp án!
