Tam06032006‣ABCS: 10.00
ABCS.cpp
"C:\Program Files (x86)\Themis\gcc\bin\g++.exe" -std=c++14 "ABCS.cpp" -pipe -O2 -s -static -lm -x c++ -o"ABCS.exe" -Wl,--stack,66060288|@WorkDir=C:\ProgramData\ThemisWorkSpace\WaitRoom35632\
Dịch thành công.

Tam06032006‣ABCS‣Test00: 1.00
Thời gian ≈ 0.072248900 giây
Kết quả khớp đáp án!
Tam06032006‣ABCS‣Test01: 1.00
Thời gian ≈ 0.070964500 giây
Kết quả khớp đáp án!
Tam06032006‣ABCS‣Test02: 1.00
Thời gian ≈ 0.063110300 giây
Kết quả khớp đáp án!
Tam06032006‣ABCS‣Test03: 1.00
Thời gian ≈ 0.084694000 giây
Kết quả khớp đáp án!
Tam06032006‣ABCS‣Test04: 1.00
Thời gian ≈ 0.063781700 giây
Kết quả khớp đáp án!
Tam06032006‣ABCS‣Test05: 1.00
Thời gian ≈ 0.070160800 giây
Kết quả khớp đáp án!
Tam06032006‣ABCS‣Test06: 1.00
Thời gian ≈ 0.075462700 giây
Kết quả khớp đáp án!
Tam06032006‣ABCS‣Test07: 1.00
Thời gian ≈ 0.083991100 giây
Kết quả khớp đáp án!
Tam06032006‣ABCS‣Test08: 1.00
Thời gian ≈ 0.060552500 giây
Kết quả khớp đáp án!
Tam06032006‣ABCS‣Test09: 1.00
Thời gian ≈ 0.070380800 giây
Kết quả khớp đáp án!
