teo‣DAISYCHAINS: 10.00
DAISYCHAINS.cpp
"C:\Program Files (x86)\Themis\gcc\bin\g++.exe" -std=c++14 "DAISYCHAINS.cpp" -pipe -O2 -s -static -lm -x c++ -o"DAISYCHAINS.exe" -Wl,--stack,66060288|@WorkDir=C:\ProgramData\ThemisWorkSpace\WaitRoom63128\
Dịch thành công.

teo‣DAISYCHAINS‣Test00: 1.00
Thời gian ≈ 0.082881800 giây
Kết quả khớp đáp án!
teo‣DAISYCHAINS‣Test01: 1.00
Thời gian ≈ 0.067328800 giây
Kết quả khớp đáp án!
teo‣DAISYCHAINS‣Test02: 1.00
Thời gian ≈ 0.065229300 giây
Kết quả khớp đáp án!
teo‣DAISYCHAINS‣Test03: 1.00
Thời gian ≈ 0.073228900 giây
Kết quả khớp đáp án!
teo‣DAISYCHAINS‣Test04: 1.00
Thời gian ≈ 0.065827100 giây
Kết quả khớp đáp án!
teo‣DAISYCHAINS‣Test05: 1.00
Thời gian ≈ 0.060841500 giây
Kết quả khớp đáp án!
teo‣DAISYCHAINS‣Test06: 1.00
Thời gian ≈ 0.061307200 giây
Kết quả khớp đáp án!
teo‣DAISYCHAINS‣Test07: 1.00
Thời gian ≈ 0.062844700 giây
Kết quả khớp đáp án!
teo‣DAISYCHAINS‣Test08: 1.00
Thời gian ≈ 0.064137500 giây
Kết quả khớp đáp án!
teo‣DAISYCHAINS‣Test09: 1.00
Thời gian ≈ 0.073970500 giây
Kết quả khớp đáp án!
