teo‣TBC2: 10.00
TBC2.pas
"C:\Program Files (x86)\Themis\fpc\bin\i386-win32\fpc.exe" -o"TBC2.exe" -O2 -XS -Sg -Cs66060288 "TBC2.pas"|@WorkDir=C:\ProgramData\ThemisWorkSpace\WaitRoom60939\
Free Pascal Compiler version 3.0.4 [2017/10/06] for i386
Copyright (c) 1993-2017 by Florian Klaempfl and others
Target OS: Win32 for i386
Compiling TBC2.pas
Linking TBC2.exe
7 lines compiled, 0.1 sec, 36336 bytes code, 2436 bytes data
Dịch thành công.

teo‣TBC2‣Test01: 1.00
Thời gian ≈ 0.089130600 giây
Kết quả khớp đáp án!
teo‣TBC2‣Test02: 1.00
Thời gian ≈ 0.066197300 giây
Kết quả khớp đáp án!
teo‣TBC2‣Test03: 1.00
Thời gian ≈ 0.066333300 giây
Kết quả khớp đáp án!
teo‣TBC2‣Test04: 1.00
Thời gian ≈ 0.063556700 giây
Kết quả khớp đáp án!
teo‣TBC2‣Test05: 1.00
Thời gian ≈ 0.063858400 giây
Kết quả khớp đáp án!
teo‣TBC2‣Test06: 1.00
Thời gian ≈ 0.063892100 giây
Kết quả khớp đáp án!
teo‣TBC2‣Test07: 1.00
Thời gian ≈ 0.065562300 giây
Kết quả khớp đáp án!
teo‣TBC2‣Test08: 1.00
Thời gian ≈ 0.064430300 giây
Kết quả khớp đáp án!
teo‣TBC2‣Test09: 1.00
Thời gian ≈ 0.065245500 giây
Kết quả khớp đáp án!
teo‣TBC2‣Test10: 1.00
Thời gian ≈ 0.079787400 giây
Kết quả khớp đáp án!
