teo‣TINHTONG: 10.00
TINHTONG.pas
"C:\Program Files (x86)\Themis\fpc\bin\i386-win32\fpc.exe" -o"TINHTONG.exe" -O2 -XS -Sg -Cs66060288 "TINHTONG.pas"|@WorkDir=C:\ProgramData\ThemisWorkSpace\WaitRoom13371\
Free Pascal Compiler version 3.0.4 [2017/10/06] for i386
Copyright (c) 1993-2017 by Florian Klaempfl and others
Target OS: Win32 for i386
Compiling TINHTONG.pas
Linking TINHTONG.exe
5 lines compiled, 0.1 sec, 27248 bytes code, 1268 bytes data
Dịch thành công.

teo‣TINHTONG‣Test01: 1.00
Thời gian ≈ 0.065019600 giây
Kết quả khớp đáp án!
teo‣TINHTONG‣Test02: 1.00
Thời gian ≈ 0.062968700 giây
Kết quả khớp đáp án!
teo‣TINHTONG‣Test03: 1.00
Thời gian ≈ 0.062807000 giây
Kết quả khớp đáp án!
teo‣TINHTONG‣Test04: 1.00
Thời gian ≈ 0.071719900 giây
Kết quả khớp đáp án!
teo‣TINHTONG‣Test05: 1.00
Thời gian ≈ 0.064978400 giây
Kết quả khớp đáp án!
teo‣TINHTONG‣Test06: 1.00
Thời gian ≈ 0.064001300 giây
Kết quả khớp đáp án!
teo‣TINHTONG‣Test07: 1.00
Thời gian ≈ 0.064872400 giây
Kết quả khớp đáp án!
teo‣TINHTONG‣Test08: 1.00
Thời gian ≈ 0.063054500 giây
Kết quả khớp đáp án!
teo‣TINHTONG‣Test09: 1.00
Thời gian ≈ 0.062679700 giây
Kết quả khớp đáp án!
teo‣TINHTONG‣Test10: 1.00
Thời gian ≈ 0.063399000 giây
Kết quả khớp đáp án!
