teo‣REPETITIONS: 9.20
REPETITIONS.cpp
"C:\Program Files (x86)\Themis\gcc\bin\g++.exe" -std=c++14 "REPETITIONS.cpp" -pipe -O2 -s -static -lm -x c++ -o"REPETITIONS.exe" -Wl,--stack,66060288|@WorkDir=C:\ProgramData\ThemisWorkSpace\WaitRoom48750\
Dịch thành công.

teo‣REPETITIONS‣Test00: 1.20
Thời gian ≈ 0.072780900 giây
Kết quả khớp đáp án!
teo‣REPETITIONS‣Test01: 0.80
Thời gian ≈ 0.068255600 giây
Kết quả khớp đáp án!
teo‣REPETITIONS‣Test02: 0.80
Thời gian ≈ 0.061712300 giây
Kết quả khớp đáp án!
teo‣REPETITIONS‣Test03: 0.80
Thời gian ≈ 0.062946800 giây
Kết quả khớp đáp án!
teo‣REPETITIONS‣Test04: 0.80
Thời gian ≈ 0.156939500 giây
Kết quả khớp đáp án!
teo‣REPETITIONS‣Test05: 0.80
Thời gian ≈ 0.158750100 giây
Kết quả khớp đáp án!
teo‣REPETITIONS‣Test06: 0.80
Thời gian ≈ 0.177579600 giây
Kết quả khớp đáp án!
teo‣REPETITIONS‣Test07: 0.80
Thời gian ≈ 0.185275900 giây
Kết quả khớp đáp án!
teo‣REPETITIONS‣Test08: 0.80
Thời gian ≈ 0.177200800 giây
Kết quả khớp đáp án!
teo‣REPETITIONS‣Test09: 0.00
Thời gian ≈ 0.064261200 giây
Kết quả KHÁC đáp án!
teo‣REPETITIONS‣Test10: 0.80
Thời gian ≈ 0.155352700 giây
Kết quả khớp đáp án!
teo‣REPETITIONS‣Test11: 0.80
Thời gian ≈ 0.063897200 giây
Kết quả khớp đáp án!
