ThanhNguyen‣daisychains: 10.00
daisychains.cpp
"C:\Program Files (x86)\Themis\gcc\bin\g++.exe" -std=c++14 "daisychains.cpp" -pipe -O2 -s -static -lm -x c++ -o"daisychains.exe" -Wl,--stack,66060288|@WorkDir=C:\ProgramData\ThemisWorkSpace\WaitRoom25246\
Dịch thành công.

ThanhNguyen‣daisychains‣Test00: 1.00
Thời gian ≈ 0.080128800 giây
Kết quả khớp đáp án!
ThanhNguyen‣daisychains‣Test01: 1.00
Thời gian ≈ 0.072800700 giây
Kết quả khớp đáp án!
ThanhNguyen‣daisychains‣Test02: 1.00
Thời gian ≈ 0.071200800 giây
Kết quả khớp đáp án!
ThanhNguyen‣daisychains‣Test03: 1.00
Thời gian ≈ 0.079820800 giây
Kết quả khớp đáp án!
ThanhNguyen‣daisychains‣Test04: 1.00
Thời gian ≈ 0.072865700 giây
Kết quả khớp đáp án!
ThanhNguyen‣daisychains‣Test05: 1.00
Thời gian ≈ 0.082816000 giây
Kết quả khớp đáp án!
ThanhNguyen‣daisychains‣Test06: 1.00
Thời gian ≈ 0.066869500 giây
Kết quả khớp đáp án!
ThanhNguyen‣daisychains‣Test07: 1.00
Thời gian ≈ 0.077317500 giây
Kết quả khớp đáp án!
ThanhNguyen‣daisychains‣Test08: 1.00
Thời gian ≈ 0.072190600 giây
Kết quả khớp đáp án!
ThanhNguyen‣daisychains‣Test09: 1.00
Thời gian ≈ 0.086767900 giây
Kết quả khớp đáp án!
