ThanhNguyen‣abcs: 10.00
abcs.cpp
"C:\Program Files (x86)\Themis\gcc\bin\g++.exe" -std=c++14 "abcs.cpp" -pipe -O2 -s -static -lm -x c++ -o"abcs.exe" -Wl,--stack,66060288|@WorkDir=C:\ProgramData\ThemisWorkSpace\WaitRoom64330\
Dịch thành công.

ThanhNguyen‣abcs‣Test00: 1.00
Thời gian ≈ 0.073264100 giây
Kết quả khớp đáp án!
ThanhNguyen‣abcs‣Test01: 1.00
Thời gian ≈ 0.066333200 giây
Kết quả khớp đáp án!
ThanhNguyen‣abcs‣Test02: 1.00
Thời gian ≈ 0.072315700 giây
Kết quả khớp đáp án!
ThanhNguyen‣abcs‣Test03: 1.00
Thời gian ≈ 0.073415300 giây
Kết quả khớp đáp án!
ThanhNguyen‣abcs‣Test04: 1.00
Thời gian ≈ 0.066964500 giây
Kết quả khớp đáp án!
ThanhNguyen‣abcs‣Test05: 1.00
Thời gian ≈ 0.077527800 giây
Kết quả khớp đáp án!
ThanhNguyen‣abcs‣Test06: 1.00
Thời gian ≈ 0.061875000 giây
Kết quả khớp đáp án!
ThanhNguyen‣abcs‣Test07: 1.00
Thời gian ≈ 0.079273900 giây
Kết quả khớp đáp án!
ThanhNguyen‣abcs‣Test08: 1.00
Thời gian ≈ 0.071990400 giây
Kết quả khớp đáp án!
ThanhNguyen‣abcs‣Test09: 1.00
Thời gian ≈ 0.065598600 giây
Kết quả khớp đáp án!
