thuan‣TINHTONG: 10.00
TINHTONG.pas
"C:\Program Files (x86)\Themis\fpc\bin\i386-win32\fpc.exe" -o"TINHTONG.exe" -O2 -XS -Sg -Cs66060288 "TINHTONG.pas"|@WorkDir=C:\ProgramData\ThemisWorkSpace\WaitRoom55071\
Free Pascal Compiler version 3.0.4 [2017/10/06] for i386
Copyright (c) 1993-2017 by Florian Klaempfl and others
Target OS: Win32 for i386
Compiling TINHTONG.pas
Linking TINHTONG.exe
5 lines compiled, 0.1 sec, 27248 bytes code, 1268 bytes data
Dịch thành công.

thuan‣TINHTONG‣Test01: 1.00
Thời gian ≈ 0.064118600 giây
Kết quả khớp đáp án!
thuan‣TINHTONG‣Test02: 1.00
Thời gian ≈ 0.066980300 giây
Kết quả khớp đáp án!
thuan‣TINHTONG‣Test03: 1.00
Thời gian ≈ 0.063484300 giây
Kết quả khớp đáp án!
thuan‣TINHTONG‣Test04: 1.00
Thời gian ≈ 0.069633100 giây
Kết quả khớp đáp án!
thuan‣TINHTONG‣Test05: 1.00
Thời gian ≈ 0.066529600 giây
Kết quả khớp đáp án!
thuan‣TINHTONG‣Test06: 1.00
Thời gian ≈ 0.064432800 giây
Kết quả khớp đáp án!
thuan‣TINHTONG‣Test07: 1.00
Thời gian ≈ 0.062724200 giây
Kết quả khớp đáp án!
thuan‣TINHTONG‣Test08: 1.00
Thời gian ≈ 0.074988500 giây
Kết quả khớp đáp án!
thuan‣TINHTONG‣Test09: 1.00
Thời gian ≈ 0.070308200 giây
Kết quả khớp đáp án!
thuan‣TINHTONG‣Test10: 1.00
Thời gian ≈ 0.064556400 giây
Kết quả khớp đáp án!
