TommyTran‣REPETITIONS: 10.00
REPETITIONS.cpp
"C:\Program Files (x86)\Themis\gcc\bin\g++.exe" -std=c++14 "REPETITIONS.cpp" -pipe -O2 -s -static -lm -x c++ -o"REPETITIONS.exe" -Wl,--stack,66060288|@WorkDir=C:\ProgramData\ThemisWorkSpace\WaitRoom22606\
Dịch thành công.

TommyTran‣REPETITIONS‣Test00: 1.20
Thời gian ≈ 0.080551000 giây
Kết quả khớp đáp án!
TommyTran‣REPETITIONS‣Test01: 0.80
Thời gian ≈ 0.066708400 giây
Kết quả khớp đáp án!
TommyTran‣REPETITIONS‣Test02: 0.80
Thời gian ≈ 0.081841400 giây
Kết quả khớp đáp án!
TommyTran‣REPETITIONS‣Test03: 0.80
Thời gian ≈ 0.064764600 giây
Kết quả khớp đáp án!
TommyTran‣REPETITIONS‣Test04: 0.80
Thời gian ≈ 0.166348200 giây
Kết quả khớp đáp án!
TommyTran‣REPETITIONS‣Test05: 0.80
Thời gian ≈ 0.188581500 giây
Kết quả khớp đáp án!
TommyTran‣REPETITIONS‣Test06: 0.80
Thời gian ≈ 0.174861600 giây
Kết quả khớp đáp án!
TommyTran‣REPETITIONS‣Test07: 0.80
Thời gian ≈ 0.229549900 giây
Kết quả khớp đáp án!
TommyTran‣REPETITIONS‣Test08: 0.80
Thời gian ≈ 0.235291400 giây
Kết quả khớp đáp án!
TommyTran‣REPETITIONS‣Test09: 0.80
Thời gian ≈ 0.077539300 giây
Kết quả khớp đáp án!
TommyTran‣REPETITIONS‣Test10: 0.80
Thời gian ≈ 0.187829500 giây
Kết quả khớp đáp án!
TommyTran‣REPETITIONS‣Test11: 0.80
Thời gian ≈ 0.066476000 giây
Kết quả khớp đáp án!
