TommyTran‣ABCS: 0.00
ABCS.exe
;Nếu không muốn dịch lại khi đã có file .exe, chuyển loại file này lên đầu

TommyTran‣ABCS‣Test00: 0.00
Thời gian ≈ 0.067232500 giây
Kết quả KHÁC đáp án!
TommyTran‣ABCS‣Test01: 0.00
Thời gian ≈ 0.081361300 giây
Kết quả KHÁC đáp án!
TommyTran‣ABCS‣Test02: 0.00
Thời gian ≈ 0.060882200 giây
Kết quả KHÁC đáp án!
TommyTran‣ABCS‣Test03: 0.00
Thời gian ≈ 0.102162400 giây
Kết quả KHÁC đáp án!
TommyTran‣ABCS‣Test04: 0.00
Thời gian ≈ 0.073835700 giây
Kết quả KHÁC đáp án!
TommyTran‣ABCS‣Test05: 0.00
Thời gian ≈ 0.067490100 giây
Kết quả KHÁC đáp án!
TommyTran‣ABCS‣Test06: 0.00
Thời gian ≈ 0.088719100 giây
Kết quả KHÁC đáp án!
TommyTran‣ABCS‣Test07: 0.00
Thời gian ≈ 0.094910300 giây
Kết quả KHÁC đáp án!
TommyTran‣ABCS‣Test08: 0.00
Thời gian ≈ 0.068563600 giây
Kết quả KHÁC đáp án!
TommyTran‣ABCS‣Test09: 0.00
Thời gian ≈ 0.077033700 giây
Kết quả KHÁC đáp án!
