tranngochoang0104‣ABCS: 10.00
ABCS.cpp
"C:\Program Files (x86)\Themis\gcc\bin\g++.exe" -std=c++14 "ABCS.cpp" -pipe -O2 -s -static -lm -x c++ -o"ABCS.exe" -Wl,--stack,66060288|@WorkDir=C:\ProgramData\ThemisWorkSpace\WaitRoom55644\
Dịch thành công.

tranngochoang0104‣ABCS‣Test00: 1.00
Thời gian ≈ 0.067129800 giây
Kết quả khớp đáp án!
tranngochoang0104‣ABCS‣Test01: 1.00
Thời gian ≈ 0.084853100 giây
Kết quả khớp đáp án!
tranngochoang0104‣ABCS‣Test02: 1.00
Thời gian ≈ 0.071844700 giây
Kết quả khớp đáp án!
tranngochoang0104‣ABCS‣Test03: 1.00
Thời gian ≈ 0.075025700 giây
Kết quả khớp đáp án!
tranngochoang0104‣ABCS‣Test04: 1.00
Thời gian ≈ 0.081871000 giây
Kết quả khớp đáp án!
tranngochoang0104‣ABCS‣Test05: 1.00
Thời gian ≈ 0.081211500 giây
Kết quả khớp đáp án!
tranngochoang0104‣ABCS‣Test06: 1.00
Thời gian ≈ 0.079327400 giây
Kết quả khớp đáp án!
tranngochoang0104‣ABCS‣Test07: 1.00
Thời gian ≈ 0.075379800 giây
Kết quả khớp đáp án!
tranngochoang0104‣ABCS‣Test08: 1.00
Thời gian ≈ 0.071781500 giây
Kết quả khớp đáp án!
tranngochoang0104‣ABCS‣Test09: 1.00
Thời gian ≈ 0.071111700 giây
Kết quả khớp đáp án!
