TRUONG MINH QUANG‣REPETITIONS: 1.60
REPETITIONS.cpp
"C:\Program Files (x86)\Themis\gcc\bin\g++.exe" -std=c++14 "REPETITIONS.cpp" -pipe -O2 -s -static -lm -x c++ -o"REPETITIONS.exe" -Wl,--stack,66060288|@WorkDir=C:\ProgramData\ThemisWorkSpace\WaitRoom39234\
Dịch thành công.

TRUONG MINH QUANG‣REPETITIONS‣Test00: 0.00
Thời gian ≈ 0.081901900 giây
Kết quả KHÁC đáp án!
TRUONG MINH QUANG‣REPETITIONS‣Test01: 0.80
Thời gian ≈ 0.080827800 giây
Kết quả khớp đáp án!
TRUONG MINH QUANG‣REPETITIONS‣Test02: 0.00
Thời gian ≈ 0.068072500 giây
Kết quả KHÁC đáp án!
TRUONG MINH QUANG‣REPETITIONS‣Test03: 0.00
Thời gian ≈ 0.079117800 giây
Kết quả KHÁC đáp án!
TRUONG MINH QUANG‣REPETITIONS‣Test04: 0.00
Thời gian ≈ 0.179616000 giây
Kết quả KHÁC đáp án!
TRUONG MINH QUANG‣REPETITIONS‣Test05: 0.00
Thời gian ≈ 0.246612500 giây
Kết quả KHÁC đáp án!
TRUONG MINH QUANG‣REPETITIONS‣Test06: 0.80
Thời gian ≈ 0.164887200 giây
Kết quả khớp đáp án!
TRUONG MINH QUANG‣REPETITIONS‣Test07: 0.00
Thời gian ≈ 0.205358200 giây
Kết quả KHÁC đáp án!
TRUONG MINH QUANG‣REPETITIONS‣Test08: 0.00
Thời gian ≈ 0.184787400 giây
Kết quả KHÁC đáp án!
TRUONG MINH QUANG‣REPETITIONS‣Test09: 0.00
Thời gian ≈ 0.087853900 giây
Kết quả KHÁC đáp án!
TRUONG MINH QUANG‣REPETITIONS‣Test10: 0.00
Thời gian ≈ 0.211648600 giây
Kết quả KHÁC đáp án!
TRUONG MINH QUANG‣REPETITIONS‣Test11: 0.00
Thời gian ≈ 0.073706000 giây
Kết quả KHÁC đáp án!
