ttn-minh‣abcs: 10.00
abcs.cpp
"C:\Program Files (x86)\Themis\gcc\bin\g++.exe" -std=c++14 "abcs.cpp" -pipe -O2 -s -static -lm -x c++ -o"abcs.exe" -Wl,--stack,66060288|@WorkDir=C:\ProgramData\ThemisWorkSpace\WaitRoom54240\
Dịch thành công.

ttn-minh‣abcs‣Test00: 1.00
Thời gian ≈ 0.068581500 giây
Kết quả khớp đáp án!
ttn-minh‣abcs‣Test01: 1.00
Thời gian ≈ 0.073922800 giây
Kết quả khớp đáp án!
ttn-minh‣abcs‣Test02: 1.00
Thời gian ≈ 0.060344700 giây
Kết quả khớp đáp án!
ttn-minh‣abcs‣Test03: 1.00
Thời gian ≈ 0.066357600 giây
Kết quả khớp đáp án!
ttn-minh‣abcs‣Test04: 1.00
Thời gian ≈ 0.071219700 giây
Kết quả khớp đáp án!
ttn-minh‣abcs‣Test05: 1.00
Thời gian ≈ 0.077685600 giây
Kết quả khớp đáp án!
ttn-minh‣abcs‣Test06: 1.00
Thời gian ≈ 0.067948200 giây
Kết quả khớp đáp án!
ttn-minh‣abcs‣Test07: 1.00
Thời gian ≈ 0.061595400 giây
Kết quả khớp đáp án!
ttn-minh‣abcs‣Test08: 1.00
Thời gian ≈ 0.077911300 giây
Kết quả khớp đáp án!
ttn-minh‣abcs‣Test09: 1.00
Thời gian ≈ 0.067315700 giây
Kết quả khớp đáp án!
