vannhan10tinqh‣DAISYCHAINS: 0.00
DAISYCHAINS.cpp
"C:\Program Files (x86)\Themis\gcc\bin\g++.exe" -std=c++14 "DAISYCHAINS.cpp" -pipe -O2 -s -static -lm -x c++ -o"DAISYCHAINS.exe" -Wl,--stack,66060288|@WorkDir=C:\ProgramData\ThemisWorkSpace\WaitRoom41921\
Dịch thành công.

vannhan10tinqh‣DAISYCHAINS‣Test00: 0.00
Thời gian ≈ 0.066164300 giây
Kết quả KHÁC đáp án!
vannhan10tinqh‣DAISYCHAINS‣Test01: 0.00
Chạy quá thời gian
vannhan10tinqh‣DAISYCHAINS‣Test02: 0.00
Chạy quá thời gian
vannhan10tinqh‣DAISYCHAINS‣Test03: 0.00
Chạy quá thời gian
vannhan10tinqh‣DAISYCHAINS‣Test04: 0.00
Chạy quá thời gian
vannhan10tinqh‣DAISYCHAINS‣Test05: 0.00
Chạy quá thời gian
vannhan10tinqh‣DAISYCHAINS‣Test06: 0.00
Chạy quá thời gian
vannhan10tinqh‣DAISYCHAINS‣Test07: 0.00
Chạy quá thời gian
vannhan10tinqh‣DAISYCHAINS‣Test08: 0.00
Chạy quá thời gian
vannhan10tinqh‣DAISYCHAINS‣Test09: 0.00
Chạy quá thời gian
