vannhan10tinqh‣ABCS: 10.00
ABCS.cpp
"C:\Program Files (x86)\Themis\gcc\bin\g++.exe" -std=c++14 "ABCS.cpp" -pipe -O2 -s -static -lm -x c++ -o"ABCS.exe" -Wl,--stack,66060288|@WorkDir=C:\ProgramData\ThemisWorkSpace\WaitRoom57651\
Dịch thành công.

vannhan10tinqh‣ABCS‣Test00: 1.00
Thời gian ≈ 0.080504200 giây
Kết quả khớp đáp án!
vannhan10tinqh‣ABCS‣Test01: 1.00
Thời gian ≈ 0.072911500 giây
Kết quả khớp đáp án!
vannhan10tinqh‣ABCS‣Test02: 1.00
Thời gian ≈ 0.077678300 giây
Kết quả khớp đáp án!
vannhan10tinqh‣ABCS‣Test03: 1.00
Thời gian ≈ 0.071610500 giây
Kết quả khớp đáp án!
vannhan10tinqh‣ABCS‣Test04: 1.00
Thời gian ≈ 0.079568700 giây
Kết quả khớp đáp án!
vannhan10tinqh‣ABCS‣Test05: 1.00
Thời gian ≈ 0.074913200 giây
Kết quả khớp đáp án!
vannhan10tinqh‣ABCS‣Test06: 1.00
Thời gian ≈ 0.069043800 giây
Kết quả khớp đáp án!
vannhan10tinqh‣ABCS‣Test07: 1.00
Thời gian ≈ 0.065540000 giây
Kết quả khớp đáp án!
vannhan10tinqh‣ABCS‣Test08: 1.00
Thời gian ≈ 0.078410300 giây
Kết quả khớp đáp án!
vannhan10tinqh‣ABCS‣Test09: 1.00
Thời gian ≈ 0.074670300 giây
Kết quả khớp đáp án!
