vannhan10tinqh‣REPETITIONS: 8.40
REPETITIONS.cpp
"C:\Program Files (x86)\Themis\gcc\bin\g++.exe" -std=c++14 "REPETITIONS.cpp" -pipe -O2 -s -static -lm -x c++ -o"REPETITIONS.exe" -Wl,--stack,66060288|@WorkDir=C:\ProgramData\ThemisWorkSpace\WaitRoom58007\
Dịch thành công.

vannhan10tinqh‣REPETITIONS‣Test00: 1.20
Thời gian ≈ 0.077089000 giây
Kết quả khớp đáp án!
vannhan10tinqh‣REPETITIONS‣Test01: 0.80
Thời gian ≈ 0.064241700 giây
Kết quả khớp đáp án!
vannhan10tinqh‣REPETITIONS‣Test02: 0.80
Thời gian ≈ 0.059745600 giây
Kết quả khớp đáp án!
vannhan10tinqh‣REPETITIONS‣Test03: 0.80
Thời gian ≈ 0.066763500 giây
Kết quả khớp đáp án!
vannhan10tinqh‣REPETITIONS‣Test04: 0.80
Thời gian ≈ 0.187577300 giây
Kết quả khớp đáp án!
vannhan10tinqh‣REPETITIONS‣Test05: 0.80
Thời gian ≈ 0.199489300 giây
Kết quả khớp đáp án!
vannhan10tinqh‣REPETITIONS‣Test06: 0.80
Thời gian ≈ 0.181128200 giây
Kết quả khớp đáp án!
vannhan10tinqh‣REPETITIONS‣Test07: 0.00
Thời gian ≈ 0.191864300 giây
Kết quả KHÁC đáp án!
vannhan10tinqh‣REPETITIONS‣Test08: 0.00
Thời gian ≈ 0.172564100 giây
Kết quả KHÁC đáp án!
vannhan10tinqh‣REPETITIONS‣Test09: 0.80
Thời gian ≈ 0.060175300 giây
Kết quả khớp đáp án!
vannhan10tinqh‣REPETITIONS‣Test10: 0.80
Thời gian ≈ 0.193769200 giây
Kết quả khớp đáp án!
vannhan10tinqh‣REPETITIONS‣Test11: 0.80
Thời gian ≈ 0.082585800 giây
Kết quả khớp đáp án!
