VoVanNghia‣REPETITIONS: 10.00
REPETITIONS.cpp
"C:\Program Files (x86)\Themis\gcc\bin\g++.exe" -std=c++14 "REPETITIONS.cpp" -pipe -O2 -s -static -lm -x c++ -o"REPETITIONS.exe" -Wl,--stack,66060288|@WorkDir=C:\ProgramData\ThemisWorkSpace\WaitRoom37117\
Dịch thành công.

VoVanNghia‣REPETITIONS‣Test00: 1.20
Thời gian ≈ 0.066499800 giây
Kết quả khớp đáp án!
VoVanNghia‣REPETITIONS‣Test01: 0.80
Thời gian ≈ 0.082235600 giây
Kết quả khớp đáp án!
VoVanNghia‣REPETITIONS‣Test02: 0.80
Thời gian ≈ 0.077363800 giây
Kết quả khớp đáp án!
VoVanNghia‣REPETITIONS‣Test03: 0.80
Thời gian ≈ 0.066399000 giây
Kết quả khớp đáp án!
VoVanNghia‣REPETITIONS‣Test04: 0.80
Thời gian ≈ 0.189056100 giây
Kết quả khớp đáp án!
VoVanNghia‣REPETITIONS‣Test05: 0.80
Thời gian ≈ 0.262168900 giây
Kết quả khớp đáp án!
VoVanNghia‣REPETITIONS‣Test06: 0.80
Thời gian ≈ 0.194916500 giây
Kết quả khớp đáp án!
VoVanNghia‣REPETITIONS‣Test07: 0.80
Thời gian ≈ 0.174164000 giây
Kết quả khớp đáp án!
VoVanNghia‣REPETITIONS‣Test08: 0.80
Thời gian ≈ 0.252237400 giây
Kết quả khớp đáp án!
VoVanNghia‣REPETITIONS‣Test09: 0.80
Thời gian ≈ 0.071325000 giây
Kết quả khớp đáp án!
VoVanNghia‣REPETITIONS‣Test10: 0.80
Thời gian ≈ 0.177828500 giây
Kết quả khớp đáp án!
VoVanNghia‣REPETITIONS‣Test11: 0.80
Thời gian ≈ 0.063913000 giây
Kết quả khớp đáp án!
