VoVanNghia‣DAISYCHAINS: 10.00
DAISYCHAINS.cpp
"C:\Program Files (x86)\Themis\gcc\bin\g++.exe" -std=c++14 "DAISYCHAINS.cpp" -pipe -O2 -s -static -lm -x c++ -o"DAISYCHAINS.exe" -Wl,--stack,66060288|@WorkDir=C:\ProgramData\ThemisWorkSpace\WaitRoom63146\
Dịch thành công.

VoVanNghia‣DAISYCHAINS‣Test00: 1.00
Thời gian ≈ 0.078921000 giây
Kết quả khớp đáp án!
VoVanNghia‣DAISYCHAINS‣Test01: 1.00
Thời gian ≈ 0.085148000 giây
Kết quả khớp đáp án!
VoVanNghia‣DAISYCHAINS‣Test02: 1.00
Thời gian ≈ 0.078912800 giây
Kết quả khớp đáp án!
VoVanNghia‣DAISYCHAINS‣Test03: 1.00
Thời gian ≈ 0.079552300 giây
Kết quả khớp đáp án!
VoVanNghia‣DAISYCHAINS‣Test04: 1.00
Thời gian ≈ 0.063052800 giây
Kết quả khớp đáp án!
VoVanNghia‣DAISYCHAINS‣Test05: 1.00
Thời gian ≈ 0.073597000 giây
Kết quả khớp đáp án!
VoVanNghia‣DAISYCHAINS‣Test06: 1.00
Thời gian ≈ 0.080343300 giây
Kết quả khớp đáp án!
VoVanNghia‣DAISYCHAINS‣Test07: 1.00
Thời gian ≈ 0.076146400 giây
Kết quả khớp đáp án!
VoVanNghia‣DAISYCHAINS‣Test08: 1.00
Thời gian ≈ 0.072957900 giây
Kết quả khớp đáp án!
VoVanNghia‣DAISYCHAINS‣Test09: 1.00
Thời gian ≈ 0.078976500 giây
Kết quả khớp đáp án!
