VoVanNghia‣ABCS: 0.00
ABCS.cpp
"C:\Program Files (x86)\Themis\gcc\bin\g++.exe" -std=c++14 "ABCS.cpp" -pipe -O2 -s -static -lm -x c++ -o"ABCS.exe" -Wl,--stack,66060288|@WorkDir=C:\ProgramData\ThemisWorkSpace\WaitRoom36466\
Dịch thành công.

VoVanNghia‣ABCS‣Test00: 0.00
Chạy sinh lỗi
Command: "C:\ProgramData\ThemisWorkSpace\ContestRoom46299\ABCS.exe" terminated with exit code: 3221225773 (Hexadecimal: C000012D)
VoVanNghia‣ABCS‣Test01: 0.00
Chạy sinh lỗi
Command: "C:\ProgramData\ThemisWorkSpace\ContestRoom43668\ABCS.exe" terminated with exit code: 3221225773 (Hexadecimal: C000012D)
VoVanNghia‣ABCS‣Test02: 0.00
Chạy sinh lỗi
Command: "C:\ProgramData\ThemisWorkSpace\ContestRoom46187\ABCS.exe" terminated with exit code: 3221225773 (Hexadecimal: C000012D)
VoVanNghia‣ABCS‣Test03: 0.00
Chạy sinh lỗi
Command: "C:\ProgramData\ThemisWorkSpace\ContestRoom19376\ABCS.exe" terminated with exit code: 3221225773 (Hexadecimal: C000012D)
VoVanNghia‣ABCS‣Test04: 0.00
Chạy sinh lỗi
Command: "C:\ProgramData\ThemisWorkSpace\ContestRoom33482\ABCS.exe" terminated with exit code: 3221225773 (Hexadecimal: C000012D)
VoVanNghia‣ABCS‣Test05: 0.00
Chạy sinh lỗi
Command: "C:\ProgramData\ThemisWorkSpace\ContestRoom31139\ABCS.exe" terminated with exit code: 3221225773 (Hexadecimal: C000012D)
VoVanNghia‣ABCS‣Test06: 0.00
Chạy sinh lỗi
Command: "C:\ProgramData\ThemisWorkSpace\ContestRoom59475\ABCS.exe" terminated with exit code: 3221225773 (Hexadecimal: C000012D)
VoVanNghia‣ABCS‣Test07: 0.00
Chạy sinh lỗi
Command: "C:\ProgramData\ThemisWorkSpace\ContestRoom15145\ABCS.exe" terminated with exit code: 3221225773 (Hexadecimal: C000012D)
VoVanNghia‣ABCS‣Test08: 0.00
Chạy sinh lỗi
Command: "C:\ProgramData\ThemisWorkSpace\ContestRoom28539\ABCS.exe" terminated with exit code: 3221225773 (Hexadecimal: C000012D)
VoVanNghia‣ABCS‣Test09: 0.00
Chạy sinh lỗi
Command: "C:\ProgramData\ThemisWorkSpace\ContestRoom34953\ABCS.exe" terminated with exit code: 3221225773 (Hexadecimal: C000012D)
