Đặng Hồng Ni‣ABCS: 10.00
ABCS.cpp
"C:\Program Files (x86)\Themis\gcc\bin\g++.exe" -std=c++14 "ABCS.cpp" -pipe -O2 -s -static -lm -x c++ -o"ABCS.exe" -Wl,--stack,66060288|@WorkDir=C:\ProgramData\ThemisWorkSpace\WaitRoom6620\
Dịch thành công.

Đặng Hồng Ni‣ABCS‣Test00: 1.00
Thời gian ≈ 0.067797700 giây
Kết quả khớp đáp án!
Đặng Hồng Ni‣ABCS‣Test01: 1.00
Thời gian ≈ 0.078274700 giây
Kết quả khớp đáp án!
Đặng Hồng Ni‣ABCS‣Test02: 1.00
Thời gian ≈ 0.064067200 giây
Kết quả khớp đáp án!
Đặng Hồng Ni‣ABCS‣Test03: 1.00
Thời gian ≈ 0.074989800 giây
Kết quả khớp đáp án!
Đặng Hồng Ni‣ABCS‣Test04: 1.00
Thời gian ≈ 0.081134200 giây
Kết quả khớp đáp án!
Đặng Hồng Ni‣ABCS‣Test05: 1.00
Thời gian ≈ 0.077781800 giây
Kết quả khớp đáp án!
Đặng Hồng Ni‣ABCS‣Test06: 1.00
Thời gian ≈ 0.070898300 giây
Kết quả khớp đáp án!
Đặng Hồng Ni‣ABCS‣Test07: 1.00
Thời gian ≈ 0.079161400 giây
Kết quả khớp đáp án!
Đặng Hồng Ni‣ABCS‣Test08: 1.00
Thời gian ≈ 0.065059300 giây
Kết quả khớp đáp án!
Đặng Hồng Ni‣ABCS‣Test09: 1.00
Thời gian ≈ 0.074064400 giây
Kết quả khớp đáp án!
