Đặng Hồng Ni‣REPETITIONS: 10.00
REPETITIONS.cpp
"C:\Program Files (x86)\Themis\gcc\bin\g++.exe" -std=c++14 "REPETITIONS.cpp" -pipe -O2 -s -static -lm -x c++ -o"REPETITIONS.exe" -Wl,--stack,66060288|@WorkDir=C:\ProgramData\ThemisWorkSpace\WaitRoom47334\
Dịch thành công.

Đặng Hồng Ni‣REPETITIONS‣Test00: 1.20
Thời gian ≈ 0.063868500 giây
Kết quả khớp đáp án!
Đặng Hồng Ni‣REPETITIONS‣Test01: 0.80
Thời gian ≈ 0.061334700 giây
Kết quả khớp đáp án!
Đặng Hồng Ni‣REPETITIONS‣Test02: 0.80
Thời gian ≈ 0.059699800 giây
Kết quả khớp đáp án!
Đặng Hồng Ni‣REPETITIONS‣Test03: 0.80
Thời gian ≈ 0.071717500 giây
Kết quả khớp đáp án!
Đặng Hồng Ni‣REPETITIONS‣Test04: 0.80
Thời gian ≈ 0.184012000 giây
Kết quả khớp đáp án!
Đặng Hồng Ni‣REPETITIONS‣Test05: 0.80
Thời gian ≈ 0.215214500 giây
Kết quả khớp đáp án!
Đặng Hồng Ni‣REPETITIONS‣Test06: 0.80
Thời gian ≈ 0.199692800 giây
Kết quả khớp đáp án!
Đặng Hồng Ni‣REPETITIONS‣Test07: 0.80
Thời gian ≈ 0.200231400 giây
Kết quả khớp đáp án!
Đặng Hồng Ni‣REPETITIONS‣Test08: 0.80
Thời gian ≈ 0.200345900 giây
Kết quả khớp đáp án!
Đặng Hồng Ni‣REPETITIONS‣Test09: 0.80
Thời gian ≈ 0.075656000 giây
Kết quả khớp đáp án!
Đặng Hồng Ni‣REPETITIONS‣Test10: 0.80
Thời gian ≈ 0.248139000 giây
Kết quả khớp đáp án!
Đặng Hồng Ni‣REPETITIONS‣Test11: 0.80
Thời gian ≈ 0.072697100 giây
Kết quả khớp đáp án!
