Đặng Hồng Ni‣DAISYCHAINS: 1.00
DAISYCHAINS.cpp
"C:\Program Files (x86)\Themis\gcc\bin\g++.exe" -std=c++14 "DAISYCHAINS.cpp" -pipe -O2 -s -static -lm -x c++ -o"DAISYCHAINS.exe" -Wl,--stack,66060288|@WorkDir=C:\ProgramData\ThemisWorkSpace\WaitRoom22586\
Dịch thành công.

Đặng Hồng Ni‣DAISYCHAINS‣Test00: 1.00
Thời gian ≈ 0.078752700 giây
Kết quả khớp đáp án!
Đặng Hồng Ni‣DAISYCHAINS‣Test01: 0.00
Thời gian ≈ 0.080182600 giây
Kết quả KHÁC đáp án!
Đặng Hồng Ni‣DAISYCHAINS‣Test02: 0.00
Thời gian ≈ 0.075967300 giây
Kết quả KHÁC đáp án!
Đặng Hồng Ni‣DAISYCHAINS‣Test03: 0.00
Thời gian ≈ 0.075883200 giây
Kết quả KHÁC đáp án!
Đặng Hồng Ni‣DAISYCHAINS‣Test04: 0.00
Thời gian ≈ 0.061786900 giây
Kết quả KHÁC đáp án!
Đặng Hồng Ni‣DAISYCHAINS‣Test05: 0.00
Thời gian ≈ 0.114685700 giây
Kết quả KHÁC đáp án!
Đặng Hồng Ni‣DAISYCHAINS‣Test06: 0.00
Thời gian ≈ 0.065902200 giây
Kết quả KHÁC đáp án!
Đặng Hồng Ni‣DAISYCHAINS‣Test07: 0.00
Thời gian ≈ 0.073680600 giây
Kết quả KHÁC đáp án!
Đặng Hồng Ni‣DAISYCHAINS‣Test08: 0.00
Thời gian ≈ 0.063888100 giây
Kết quả KHÁC đáp án!
Đặng Hồng Ni‣DAISYCHAINS‣Test09: 0.00
Thời gian ≈ 0.077865000 giây
Kết quả KHÁC đáp án!
